[s1891388@cirrus-login2 PumasAndHares]$ ./scripts/runSimulations.sh 
+ date
Πεμ 01 Νοέ 2018 10:34:12 μμ GMT
+ for i in '{1..9}'
+ ./build/bin/pumasAndHares -c ./data/configs/config1.json -i ./data/landscapes/10X10_1.dat -p 10x10_1_config1_
-total time for the simulation is: 0.010000 secs
+ ./build/bin/pumasAndHares -c ./data/configs/config1.json -i ./data/landscapes/10X10_3.dat -p 10x10_3_config1_
-total time for the simulation is: 0.020000 secs
+ ./build/bin/pumasAndHares -c ./data/configs/config1.json -i ./data/landscapes/10X10_7.dat -p 10x10_7_config1_
-total time for the simulation is: 0.030000 secs
+ ./build/bin/pumasAndHares -c ./data/configs/config1.json -i ./data/landscapes/10X10_9.dat -p 10x10_9_config1_
-total time for the simulation is: 0.040000 secs
+ ./build/bin/pumasAndHares -c ./data/configs/config1.json -i ./data/landscapes/100X100_1.dat -p 100x100_1_config1_
-total time for the simulation is: 0.450000 secs
+ ./build/bin/pumasAndHares -c ./data/configs/config1.json -i ./data/landscapes/100X100_3.dat -p 100x100_3_config1_
-total time for the simulation is: 1.070000 secs
+ ./build/bin/pumasAndHares -c ./data/configs/config1.json -i ./data/landscapes/100X100_7.dat -p 100x100_7_config1_
-total time for the simulation is: 2.290000 secs
+ ./build/bin/pumasAndHares -c ./data/configs/config1.json -i ./data/landscapes/100X100_9.dat -p 100x100_9_config1_
-total time for the simulation is: 2.900000 secs
+ ./build/bin/pumasAndHares -c ./data/configs/config1.json -i ./data/landscapes/1000X1000_1.dat -p 1000x1000_1_config1_
-total time for the simulation is: 44.610000 secs
+ ./build/bin/pumasAndHares -c ./data/configs/config1.json -i ./data/landscapes/1000X1000_3.dat -p 1000x1000_3_config1_
-total time for the simulation is: 107.010000 secs
+ ./build/bin/pumasAndHares -c ./data/configs/config1.json -i ./data/landscapes/1000X1000_7.dat -p 1000x1000_7_config1_
-total time for the simulation is: 168.400000 secs
+ ./build/bin/pumasAndHares -c ./data/configs/config1.json -i ./data/landscapes/1000X1000_9.dat -p 1000x1000_9_config1_
-total time for the simulation is: 289.850000 secs
+ ./build/bin/pumasAndHares -c ./data/configs/config1.json -i ./data/landscapes/2000x2000_1.dat -p 2000x2000_1_config1_
-total time for the simulation is: 184.120000 secs
+ ./build/bin/pumasAndHares -c ./data/configs/config1.json -i ./data/landscapes/2000x2000_3.dat -p 2000x2000_3_config1_
-total time for the simulation is: 436.650000 secs
+ ./build/bin/pumasAndHares -c ./data/configs/config1.json -i ./data/landscapes/2000x2000_7.dat -p 2000x2000_7_config1_
-total time for the simulation is: 924.500000 secs
+ ./build/bin/pumasAndHares -c ./data/configs/config1.json -i ./data/landscapes/2000x2000_9.dat -p 2000x2000_9_config1_
-total time for the simulation is: 1163.580000 secs
+ for i in '{1..9}'
+ ./build/bin/pumasAndHares -c ./data/configs/config2.json -i ./data/landscapes/10X10_1.dat -p 10x10_1_config2_
-total time for the simulation is: 0.010000 secs
+ ./build/bin/pumasAndHares -c ./data/configs/config2.json -i ./data/landscapes/10X10_3.dat -p 10x10_3_config2_
-total time for the simulation is: 0.020000 secs
+ ./build/bin/pumasAndHares -c ./data/configs/config2.json -i ./data/landscapes/10X10_7.dat -p 10x10_7_config2_
-total time for the simulation is: 0.040000 secs
+ ./build/bin/pumasAndHares -c ./data/configs/config2.json -i ./data/landscapes/10X10_9.dat -p 10x10_9_config2_
-total time for the simulation is: 0.050000 secs
+ ./build/bin/pumasAndHares -c ./data/configs/config2.json -i ./data/landscapes/100X100_1.dat -p 100x100_1_config2_
-total time for the simulation is: 0.470000 secs
+ ./build/bin/pumasAndHares -c ./data/configs/config2.json -i ./data/landscapes/100X100_3.dat -p 100x100_3_config2_
-total time for the simulation is: 1.080000 secs
+ ./build/bin/pumasAndHares -c ./data/configs/config2.json -i ./data/landscapes/100X100_7.dat -p 100x100_7_config2_
-total time for the simulation is: 2.300000 secs
+ ./build/bin/pumasAndHares -c ./data/configs/config2.json -i ./data/landscapes/100X100_9.dat -p 100x100_9_config2_
-total time for the simulation is: 2.890000 secs
+ ./build/bin/pumasAndHares -c ./data/configs/config2.json -i ./data/landscapes/1000X1000_1.dat -p 1000x1000_1_config2_
-total time for the simulation is: 44.640000 secs
+ ./build/bin/pumasAndHares -c ./data/configs/config2.json -i ./data/landscapes/1000X1000_3.dat -p 1000x1000_3_config2_
-total time for the simulation is: 107.090000 secs
+ ./build/bin/pumasAndHares -c ./data/configs/config2.json -i ./data/landscapes/1000X1000_7.dat -p 1000x1000_7_config2_
-total time for the simulation is: 168.620000 secs
+ ./build/bin/pumasAndHares -c ./data/configs/config2.json -i ./data/landscapes/1000X1000_9.dat -p 1000x1000_9_config2_
-total time for the simulation is: 289.950000 secs
+ ./build/bin/pumasAndHares -c ./data/configs/config2.json -i ./data/landscapes/2000x2000_1.dat -p 2000x2000_1_config2_
-total time for the simulation is: 183.810000 secs
+ ./build/bin/pumasAndHares -c ./data/configs/config2.json -i ./data/landscapes/2000x2000_3.dat -p 2000x2000_3_config2_
-total time for the simulation is: 437.450000 secs
+ ./build/bin/pumasAndHares -c ./data/configs/config2.json -i ./data/landscapes/2000x2000_7.dat -p 2000x2000_7_config2_
-total time for the simulation is: 930.270000 secs
+ ./build/bin/pumasAndHares -c ./data/configs/config2.json -i ./data/landscapes/2000x2000_9.dat -p 2000x2000_9_config2_
-total time for the simulation is: 1161.870000 secs
+ for i in '{1..9}'
+ ./build/bin/pumasAndHares -c ./data/configs/config3.json -i ./data/landscapes/10X10_1.dat -p 10x10_1_config3_
-total time for the simulation is: 0.010000 secs
+ ./build/bin/pumasAndHares -c ./data/configs/config3.json -i ./data/landscapes/10X10_3.dat -p 10x10_3_config3_
-total time for the simulation is: 0.020000 secs
+ ./build/bin/pumasAndHares -c ./data/configs/config3.json -i ./data/landscapes/10X10_7.dat -p 10x10_7_config3_
-total time for the simulation is: 0.030000 secs
+ ./build/bin/pumasAndHares -c ./data/configs/config3.json -i ./data/landscapes/10X10_9.dat -p 10x10_9_config3_
-total time for the simulation is: 0.050000 secs
+ ./build/bin/pumasAndHares -c ./data/configs/config3.json -i ./data/landscapes/100X100_1.dat -p 100x100_1_config3_
-total time for the simulation is: 0.450000 secs
+ ./build/bin/pumasAndHares -c ./data/configs/config3.json -i ./data/landscapes/100X100_3.dat -p 100x100_3_config3_
-total time for the simulation is: 1.070000 secs
+ ./build/bin/pumasAndHares -c ./data/configs/config3.json -i ./data/landscapes/100X100_7.dat -p 100x100_7_config3_
-total time for the simulation is: 2.290000 secs
+ ./build/bin/pumasAndHares -c ./data/configs/config3.json -i ./data/landscapes/100X100_9.dat -p 100x100_9_config3_
-total time for the simulation is: 2.900000 secs
+ ./build/bin/pumasAndHares -c ./data/configs/config3.json -i ./data/landscapes/1000X1000_1.dat -p 1000x1000_1_config3_
-total time for the simulation is: 44.720000 secs
+ ./build/bin/pumasAndHares -c ./data/configs/config3.json -i ./data/landscapes/1000X1000_3.dat -p 1000x1000_3_config3_
-total time for the simulation is: 106.890000 secs
+ ./build/bin/pumasAndHares -c ./data/configs/config3.json -i ./data/landscapes/1000X1000_7.dat -p 1000x1000_7_config3_
-total time for the simulation is: 168.420000 secs
+ ./build/bin/pumasAndHares -c ./data/configs/config3.json -i ./data/landscapes/1000X1000_9.dat -p 1000x1000_9_config3_
-total time for the simulation is: 289.870000 secs
+ ./build/bin/pumasAndHares -c ./data/configs/config3.json -i ./data/landscapes/2000x2000_1.dat -p 2000x2000_1_config3_
-total time for the simulation is: 184.080000 secs
+ ./build/bin/pumasAndHares -c ./data/configs/config3.json -i ./data/landscapes/2000x2000_3.dat -p 2000x2000_3_config3_
-total time for the simulation is: 436.440000 secs
+ ./build/bin/pumasAndHares -c ./data/configs/config3.json -i ./data/landscapes/2000x2000_7.dat -p 2000x2000_7_config3_
-total time for the simulation is: 924.450000 secs
+ ./build/bin/pumasAndHares -c ./data/configs/config3.json -i ./data/landscapes/2000x2000_9.dat -p 2000x2000_9_config3_
-total time for the simulation is: 1161.870000 secs
+ for i in '{1..9}'
+ ./build/bin/pumasAndHares -c ./data/configs/config4.json -i ./data/landscapes/10X10_1.dat -p 10x10_1_config4_
-total time for the simulation is: 0.010000 secs
+ ./build/bin/pumasAndHares -c ./data/configs/config4.json -i ./data/landscapes/10X10_3.dat -p 10x10_3_config4_
-total time for the simulation is: 0.020000 secs
+ ./build/bin/pumasAndHares -c ./data/configs/config4.json -i ./data/landscapes/10X10_7.dat -p 10x10_7_config4_
-total time for the simulation is: 0.040000 secs
+ ./build/bin/pumasAndHares -c ./data/configs/config4.json -i ./data/landscapes/10X10_9.dat -p 10x10_9_config4_
-total time for the simulation is: 0.040000 secs
+ ./build/bin/pumasAndHares -c ./data/configs/config4.json -i ./data/landscapes/100X100_1.dat -p 100x100_1_config4_
-total time for the simulation is: 0.440000 secs
+ ./build/bin/pumasAndHares -c ./data/configs/config4.json -i ./data/landscapes/100X100_3.dat -p 100x100_3_config4_
-total time for the simulation is: 1.080000 secs
+ ./build/bin/pumasAndHares -c ./data/configs/config4.json -i ./data/landscapes/100X100_7.dat -p 100x100_7_config4_
-total time for the simulation is: 2.310000 secs
+ ./build/bin/pumasAndHares -c ./data/configs/config4.json -i ./data/landscapes/100X100_9.dat -p 100x100_9_config4_
-total time for the simulation is: 2.910000 secs
+ ./build/bin/pumasAndHares -c ./data/configs/config4.json -i ./data/landscapes/1000X1000_1.dat -p 1000x1000_1_config4_
-total time for the simulation is: 44.520000 secs
+ ./build/bin/pumasAndHares -c ./data/configs/config4.json -i ./data/landscapes/1000X1000_3.dat -p 1000x1000_3_config4_
-total time for the simulation is: 106.890000 secs
+ ./build/bin/pumasAndHares -c ./data/configs/config4.json -i ./data/landscapes/1000X1000_7.dat -p 1000x1000_7_config4_
-total time for the simulation is: 168.330000 secs
+ ./build/bin/pumasAndHares -c ./data/configs/config4.json -i ./data/landscapes/1000X1000_9.dat -p 1000x1000_9_config4_
-total time for the simulation is: 289.880000 secs
+ ./build/bin/pumasAndHares -c ./data/configs/config4.json -i ./data/landscapes/2000x2000_1.dat -p 2000x2000_1_config4_
-total time for the simulation is: 183.700000 secs
+ ./build/bin/pumasAndHares -c ./data/configs/config4.json -i ./data/landscapes/2000x2000_3.dat -p 2000x2000_3_config4_
-total time for the simulation is: 436.080000 secs
+ ./build/bin/pumasAndHares -c ./data/configs/config4.json -i ./data/landscapes/2000x2000_7.dat -p 2000x2000_7_config4_
-total time for the simulation is: 926.710000 secs
+ ./build/bin/pumasAndHares -c ./data/configs/config4.json -i ./data/landscapes/2000x2000_9.dat -p 2000x2000_9_config4_
-total time for the simulation is: 1162.140000 secs
+ for i in '{1..9}'
+ ./build/bin/pumasAndHares -c ./data/configs/config5.json -i ./data/landscapes/10X10_1.dat -p 10x10_1_config5_
-total time for the simulation is: 0.010000 secs
+ ./build/bin/pumasAndHares -c ./data/configs/config5.json -i ./data/landscapes/10X10_3.dat -p 10x10_3_config5_
-total time for the simulation is: 0.010000 secs
+ ./build/bin/pumasAndHares -c ./data/configs/config5.json -i ./data/landscapes/10X10_7.dat -p 10x10_7_config5_
-total time for the simulation is: 0.050000 secs
+ ./build/bin/pumasAndHares -c ./data/configs/config5.json -i ./data/landscapes/10X10_9.dat -p 10x10_9_config5_
-total time for the simulation is: 0.040000 secs
+ ./build/bin/pumasAndHares -c ./data/configs/config5.json -i ./data/landscapes/100X100_1.dat -p 100x100_1_config5_
-total time for the simulation is: 0.580000 secs
+ ./build/bin/pumasAndHares -c ./data/configs/config5.json -i ./data/landscapes/100X100_3.dat -p 100x100_3_config5_
-total time for the simulation is: 1.060000 secs
+ ./build/bin/pumasAndHares -c ./data/configs/config5.json -i ./data/landscapes/100X100_7.dat -p 100x100_7_config5_
-total time for the simulation is: 2.290000 secs
+ ./build/bin/pumasAndHares -c ./data/configs/config5.json -i ./data/landscapes/100X100_9.dat -p 100x100_9_config5_
-total time for the simulation is: 2.890000 secs
+ ./build/bin/pumasAndHares -c ./data/configs/config5.json -i ./data/landscapes/1000X1000_1.dat -p 1000x1000_1_config5_
-total time for the simulation is: 44.550000 secs
+ ./build/bin/pumasAndHares -c ./data/configs/config5.json -i ./data/landscapes/1000X1000_3.dat -p 1000x1000_3_config5_
-total time for the simulation is: 107.060000 secs
+ ./build/bin/pumasAndHares -c ./data/configs/config5.json -i ./data/landscapes/1000X1000_7.dat -p 1000x1000_7_config5_
-total time for the simulation is: 168.470000 secs
+ ./build/bin/pumasAndHares -c ./data/configs/config5.json -i ./data/landscapes/1000X1000_9.dat -p 1000x1000_9_config5_
-total time for the simulation is: 289.870000 secs
+ ./build/bin/pumasAndHares -c ./data/configs/config5.json -i ./data/landscapes/2000x2000_1.dat -p 2000x2000_1_config5_
-total time for the simulation is: 183.810000 secs
+ ./build/bin/pumasAndHares -c ./data/configs/config5.json -i ./data/landscapes/2000x2000_3.dat -p 2000x2000_3_config5_
-total time for the simulation is: 436.040000 secs
+ ./build/bin/pumasAndHares -c ./data/configs/config5.json -i ./data/landscapes/2000x2000_7.dat -p 2000x2000_7_config5_
-total time for the simulation is: 928.100000 secs
+ ./build/bin/pumasAndHares -c ./data/configs/config5.json -i ./data/landscapes/2000x2000_9.dat -p 2000x2000_9_config5_
-total time for the simulation is: 1161.240000 secs
+ for i in '{1..9}'
+ ./build/bin/pumasAndHares -c ./data/configs/config6.json -i ./data/landscapes/10X10_1.dat -p 10x10_1_config6_
-total time for the simulation is: 0.000000 secs
+ ./build/bin/pumasAndHares -c ./data/configs/config6.json -i ./data/landscapes/10X10_3.dat -p 10x10_3_config6_
-total time for the simulation is: 0.020000 secs
+ ./build/bin/pumasAndHares -c ./data/configs/config6.json -i ./data/landscapes/10X10_7.dat -p 10x10_7_config6_
-total time for the simulation is: 0.040000 secs
+ ./build/bin/pumasAndHares -c ./data/configs/config6.json -i ./data/landscapes/10X10_9.dat -p 10x10_9_config6_
-total time for the simulation is: 0.040000 secs
+ ./build/bin/pumasAndHares -c ./data/configs/config6.json -i ./data/landscapes/100X100_1.dat -p 100x100_1_config6_
-total time for the simulation is: 0.450000 secs
+ ./build/bin/pumasAndHares -c ./data/configs/config6.json -i ./data/landscapes/100X100_3.dat -p 100x100_3_config6_
-total time for the simulation is: 1.070000 secs
+ ./build/bin/pumasAndHares -c ./data/configs/config6.json -i ./data/landscapes/100X100_7.dat -p 100x100_7_config6_
-total time for the simulation is: 2.290000 secs
+ ./build/bin/pumasAndHares -c ./data/configs/config6.json -i ./data/landscapes/100X100_9.dat -p 100x100_9_config6_
-total time for the simulation is: 2.900000 secs
+ ./build/bin/pumasAndHares -c ./data/configs/config6.json -i ./data/landscapes/1000X1000_1.dat -p 1000x1000_1_config6_
-total time for the simulation is: 44.540000 secs
+ ./build/bin/pumasAndHares -c ./data/configs/config6.json -i ./data/landscapes/1000X1000_3.dat -p 1000x1000_3_config6_
-total time for the simulation is: 106.900000 secs
+ ./build/bin/pumasAndHares -c ./data/configs/config6.json -i ./data/landscapes/1000X1000_7.dat -p 1000x1000_7_config6_
-total time for the simulation is: 168.410000 secs
+ ./build/bin/pumasAndHares -c ./data/configs/config6.json -i ./data/landscapes/1000X1000_9.dat -p 1000x1000_9_config6_
-total time for the simulation is: 289.830000 secs
+ ./build/bin/pumasAndHares -c ./data/configs/config6.json -i ./data/landscapes/2000x2000_1.dat -p 2000x2000_1_config6_
-total time for the simulation is: 184.090000 secs
+ ./build/bin/pumasAndHares -c ./data/configs/config6.json -i ./data/landscapes/2000x2000_3.dat -p 2000x2000_3_config6_
-total time for the simulation is: 434.640000 secs
+ ./build/bin/pumasAndHares -c ./data/configs/config6.json -i ./data/landscapes/2000x2000_7.dat -p 2000x2000_7_config6_
-total time for the simulation is: 923.800000 secs
+ ./build/bin/pumasAndHares -c ./data/configs/config6.json -i ./data/landscapes/2000x2000_9.dat -p 2000x2000_9_config6_
-total time for the simulation is: 1161.830000 secs
 for i in '{1..9}'
+ ./build/bin/pumasAndHares -c ./data/configs/config7.json -i ./data/landscapes/10X10_1.dat -p 10x10_1_config7_
-total time for the simulation is: 0.000000 secs
+ ./build/bin/pumasAndHares -c ./data/configs/config7.json -i ./data/landscapes/10X10_3.dat -p 10x10_3_config7_
-total time for the simulation is: 0.030000 secs
+ ./build/bin/pumasAndHares -c ./data/configs/config7.json -i ./data/landscapes/10X10_7.dat -p 10x10_7_config7_
-total time for the simulation is: 0.040000 secs
+ ./build/bin/pumasAndHares -c ./data/configs/config7.json -i ./data/landscapes/10X10_9.dat -p 10x10_9_config7_
-total time for the simulation is: 0.060000 secs
+ ./build/bin/pumasAndHares -c ./data/configs/config7.json -i ./data/landscapes/100X100_1.dat -p 100x100_1_config7_
-total time for the simulation is: 0.440000 secs
+ ./build/bin/pumasAndHares -c ./data/configs/config7.json -i ./data/landscapes/100X100_3.dat -p 100x100_3_config7_
-total time for the simulation is: 1.100000 secs
+ ./build/bin/pumasAndHares -c ./data/configs/config7.json -i ./data/landscapes/100X100_7.dat -p 100x100_7_config7_
-total time for the simulation is: 2.300000 secs
+ ./build/bin/pumasAndHares -c ./data/configs/config7.json -i ./data/landscapes/100X100_9.dat -p 100x100_9_config7_
-total time for the simulation is: 2.900000 secs
+ ./build/bin/pumasAndHares -c ./data/configs/config7.json -i ./data/landscapes/1000X1000_1.dat -p 1000x1000_1_config7_
-total time for the simulation is: 44.610000 secs
+ ./build/bin/pumasAndHares -c ./data/configs/config7.json -i ./data/landscapes/1000X1000_3.dat -p 1000x1000_3_config7_
-total time for the simulation is: 106.940000 secs
+ ./build/bin/pumasAndHares -c ./data/configs/config7.json -i ./data/landscapes/1000X1000_7.dat -p 1000x1000_7_config7_
-total time for the simulation is: 168.440000 secs
+ ./build/bin/pumasAndHares -c ./data/configs/config7.json -i ./data/landscapes/1000X1000_9.dat -p 1000x1000_9_config7_
-total time for the simulation is: 289.840000 secs
+ ./build/bin/pumasAndHares -c ./data/configs/config7.json -i ./data/landscapes/2000x2000_1.dat -p 2000x2000_1_config7_
-total time for the simulation is: 183.680000 secs
+ ./build/bin/pumasAndHares -c ./data/configs/config7.json -i ./data/landscapes/2000x2000_3.dat -p 2000x2000_3_config7_
-total time for the simulation is: 436.340000 secs
+ ./build/bin/pumasAndHares -c ./data/configs/config7.json -i ./data/landscapes/2000x2000_7.dat -p 2000x2000_7_config7_
-total time for the simulation is: 927.650000 secs
+ ./build/bin/pumasAndHares -c ./data/configs/config7.json -i ./data/landscapes/2000x2000_9.dat -p 2000x2000_9_config7_
-total time for the simulation is: 1161.490000 secs

+ ./build/bin/pumasAndHares -c ./data/configs/config8.json -i ./data/landscapes/10X10_1.dat -p 10x10_1_config8_
-total time for the simulation is: 0.000000 secs
+ ./build/bin/pumasAndHares -c ./data/configs/config8.json -i ./data/landscapes/10X10_3.dat -p 10x10_3_config8_
-total time for the simulation is: 0.020000 secs
+ ./build/bin/pumasAndHares -c ./data/configs/config8.json -i ./data/landscapes/10X10_7.dat -p 10x10_7_config8_
-total time for the simulation is: 0.050000 secs
+ ./build/bin/pumasAndHares -c ./data/configs/config8.json -i ./data/landscapes/10X10_9.dat -p 10x10_9_config8_
-total time for the simulation is: 0.060000 secs
+ ./build/bin/pumasAndHares -c ./data/configs/config8.json -i ./data/landscapes/100X100_1.dat -p 100x100_1_config8_
-total time for the simulation is: 0.470000 secs
+ ./build/bin/pumasAndHares -c ./data/configs/config8.json -i ./data/landscapes/100X100_3.dat -p 100x100_3_config8_
-total time for the simulation is: 1.060000 secs
+ ./build/bin/pumasAndHares -c ./data/configs/config8.json -i ./data/landscapes/100X100_7.dat -p 100x100_7_config8_
-total time for the simulation is: 2.300000 secs
+ ./build/bin/pumasAndHares -c ./data/configs/config8.json -i ./data/landscapes/100X100_9.dat -p 100x100_9_config8_
-total time for the simulation is: 2.890000 secs
+ ./build/bin/pumasAndHares -c ./data/configs/config8.json -i ./data/landscapes/1000X1000_1.dat -p 1000x1000_1_config8_
-total time for the simulation is: 44.530000 secs
+ ./build/bin/pumasAndHares -c ./data/configs/config8.json -i ./data/landscapes/1000X1000_3.dat -p 1000x1000_3_config8_
-total time for the simulation is: 106.880000 secs
+ ./build/bin/pumasAndHares -c ./data/configs/config8.json -i ./data/landscapes/1000X1000_7.dat -p 1000x1000_7_config8_
-total time for the simulation is: 168.380000 secs
+ ./build/bin/pumasAndHares -c ./data/configs/config8.json -i ./data/landscapes/1000X1000_9.dat -p 1000x1000_9_config8_
-total time for the simulation is: 289.890000 secs
+ ./build/bin/pumasAndHares -c ./data/configs/config8.json -i ./data/landscapes/2000x2000_1.dat -p 2000x2000_1_config8_
-total time for the simulation is: 183.600000 secs
+ ./build/bin/pumasAndHares -c ./data/configs/config8.json -i ./data/landscapes/2000x2000_3.dat -p 2000x2000_3_config8_
-total time for the simulation is: 436.110000 secs
+ ./build/bin/pumasAndHares -c ./data/configs/config8.json -i ./data/landscapes/2000x2000_7.dat -p 2000x2000_7_config8_
-total time for the simulation is: 928.030000 secs
+ ./build/bin/pumasAndHares -c ./data/configs/config8.json -i ./data/landscapes/2000x2000_9.dat -p 2000x2000_9_config8_
-total time for the simulation is: 1162.760000 secs
+ for i in '{1..9}'
+ ./build/bin/pumasAndHares -c ./data/configs/config9.json -i ./data/landscapes/10X10_1.dat -p 10x10_1_config9_
-total time for the simulation is: 0.010000 secs
+ ./build/bin/pumasAndHares -c ./data/configs/config9.json -i ./data/landscapes/10X10_3.dat -p 10x10_3_config9_
-total time for the simulation is: 0.040000 secs
+ ./build/bin/pumasAndHares -c ./data/configs/config9.json -i ./data/landscapes/10X10_7.dat -p 10x10_7_config9_
-total time for the simulation is: 0.040000 secs
+ ./build/bin/pumasAndHares -c ./data/configs/config9.json -i ./data/landscapes/10X10_9.dat -p 10x10_9_config9_
-total time for the simulation is: 0.040000 secs
+ ./build/bin/pumasAndHares -c ./data/configs/config9.json -i ./data/landscapes/100X100_1.dat -p 100x100_1_config9_
-total time for the simulation is: 0.640000 secs
+ ./build/bin/pumasAndHares -c ./data/configs/config9.json -i ./data/landscapes/100X100_3.dat -p 100x100_3_config9_
-total time for the simulation is: 1.280000 secs
+ ./build/bin/pumasAndHares -c ./data/configs/config9.json -i ./data/landscapes/100X100_7.dat -p 100x100_7_config9_
-total time for the simulation is: 2.500000 secs
+ ./build/bin/pumasAndHares -c ./data/configs/config9.json -i ./data/landscapes/100X100_9.dat -p 100x100_9_config9_
-total time for the simulation is: 3.120000 secs
+ ./build/bin/pumasAndHares -c ./data/configs/config9.json -i ./data/landscapes/1000X1000_1.dat -p 1000x1000_1_config9_
-total time for the simulation is: 63.760000 secs
+ ./build/bin/pumasAndHares -c ./data/configs/config9.json -i ./data/landscapes/1000X1000_3.dat -p 1000x1000_3_config9_
-total time for the simulation is: 126.630000 secs
+ ./build/bin/pumasAndHares -c ./data/configs/config9.json -i ./data/landscapes/1000X1000_7.dat -p 1000x1000_7_config9_
-total time for the simulation is: 188.360000 secs
+ ./build/bin/pumasAndHares -c ./data/configs/config9.json -i ./data/landscapes/1000X1000_9.dat -p 1000x1000_9_config9_
-total time for the simulation is: 309.980000 secs
+ ./build/bin/pumasAndHares -c ./data/configs/config9.json -i ./data/landscapes/2000x2000_1.dat -p 2000x2000_1_config9_
-total time for the simulation is: 260.230000 secs
+ ./build/bin/pumasAndHares -c ./data/configs/config9.json -i ./data/landscapes/2000x2000_3.dat -p 2000x2000_3_config9_
-total time for the simulation is: 514.500000 secs
+ ./build/bin/pumasAndHares -c ./data/configs/config9.json -i ./data/landscapes/2000x2000_7.dat -p 2000x2000_7_config9_
-total time for the simulation is: 1006.780000 secs
+ ./build/bin/pumasAndHares -c ./data/configs/config9.json -i ./data/landscapes/2000x2000_9.dat -p 2000x2000_9_config9_
-total time for the simulation is: 1243.980000 secs
+ date
Παρ 02 Νοέ 2018 09:01:51 πμ GMT
[s1891388@cirrus-login2 PumasAndHares]$ 





